<?xml version="1.0" encoding="UTF-8"?>
<testng-results skipped="0" failed="0" ignored="0" total="1" passed="1">
  <reporter-output>
  </reporter-output>
  <suite name="Default suite" duration-ms="64777" started-at="2019-11-10T20:45:42 IST" finished-at="2019-11-10T20:46:47 IST">
    <groups>
    </groups>
    <test name="Default test" duration-ms="64777" started-at="2019-11-10T20:45:42 IST" finished-at="2019-11-10T20:46:47 IST">
      <class name="com.gtr.testcases.FourthTC">
        <test-method status="PASS" signature="fourthQuestion()[pri:0, instance:com.gtr.testcases.FourthTC@1718392]" name="fourthQuestion" duration-ms="64303" started-at="2019-11-10T20:45:42 IST" finished-at="2019-11-10T20:46:47 IST">
          <reporter-output>
          </reporter-output>
        </test-method> <!-- fourthQuestion -->
      </class> <!-- com.gtr.testcases.FourthTC -->
    </test> <!-- Default test -->
  </suite> <!-- Default suite -->
</testng-results>
